app/build/intermediates/manifest_merge_blame_file/debug/manifest-merger-blame-debug-report.txt
1<?xml version="1.0" encoding="utf-8"?>
2<manifest xmlns:android="http://schemas.android.com/apk/res/android"
3    package="com.example.aot"
4    android:versionCode="1"
5    android:versionName="1.0" >
6
7    <uses-sdk
8        android:minSdkVersion="25"
8-->src\main\AndroidManifest.xml
9        android:targetSdkVersion="29" />
9-->src\main\AndroidManifest.xml
10
11    <uses-permission android:name="android.permission.INTERNET" />
11-->src\main\AndroidManifest.xml:5:5-67
11-->src\main\AndroidManifest.xml:5:22-64
12
13    <!-- Although the *SdkVersion is captured in gradle build files, this is required for non gradle builds -->
14    <!-- <uses-sdk android:minSdkVersion="14"/> -->
15    <uses-permission android:name="android.permission.ACCESS_NETWORK_STATE" />
15-->[com.google.firebase:firebase-database:19.2.0] AndroidManifest.xml:25:5-79
15-->[com.google.firebase:firebase-database:19.2.0] AndroidManifest.xml:25:22-76
16    <uses-permission android:name="android.permission.WAKE_LOCK" /> <!-- Required by older versions of Google Play services to create IID tokens -->
16-->[com.google.firebase:firebase-iid:20.0.2] AndroidManifest.xml:24:5-68
16-->[com.google.firebase:firebase-iid:20.0.2] AndroidManifest.xml:24:22-65
17    <uses-permission android:name="com.google.android.c2dm.permission.RECEIVE" />
17-->[com.google.firebase:firebase-iid:20.0.2] AndroidManifest.xml:26:5-82
17-->[com.google.firebase:firebase-iid:20.0.2] AndroidManifest.xml:26:22-79
18
19    <application
19-->src\main\AndroidManifest.xml:7:5-72:19
20        android:allowBackup="true"
20-->src\main\AndroidManifest.xml:8:9-35
21        android:appComponentFactory="androidx.core.app.CoreComponentFactory"
21-->[androidx.core:core:1.0.1] AndroidManifest.xml:22:18-86
22        android:debuggable="true"
23        android:extractNativeLibs="false"
24        android:icon="@mipmap/ic_launcher"
24-->src\main\AndroidManifest.xml:9:9-43
25        android:label="@string/app_name"
25-->src\main\AndroidManifest.xml:10:9-41
26        android:roundIcon="@mipmap/ic_launcher_round"
26-->src\main\AndroidManifest.xml:11:9-54
27        android:supportsRtl="true"
27-->src\main\AndroidManifest.xml:12:9-35
28        android:testOnly="true"
29        android:theme="@style/AppTheme"
29-->src\main\AndroidManifest.xml:13:9-40
30        android:usesCleartextTraffic="true" >
30-->src\main\AndroidManifest.xml:14:9-44
31        <activity android:name="com.example.aot.problem_recieved" >
31-->src\main\AndroidManifest.xml:15:9-20:20
31-->src\main\AndroidManifest.xml:15:19-51
32            <intent-filter>
32-->src\main\AndroidManifest.xml:16:13-19:29
33                <action android:name="com.example.aot.problem_received" />
33-->src\main\AndroidManifest.xml:17:17-74
33-->src\main\AndroidManifest.xml:17:25-72
34
35                <category android:name="android.intent.category.DEFAULT" />
35-->src\main\AndroidManifest.xml:18:17-75
35-->src\main\AndroidManifest.xml:18:27-73
36            </intent-filter>
37        </activity>
38        <activity android:name="com.example.aot.studentComplaintActivity" />
38-->src\main\AndroidManifest.xml:21:9-62
38-->src\main\AndroidManifest.xml:21:19-59
39        <activity android:name="com.example.aot.Meeting_notification" >
39-->src\main\AndroidManifest.xml:22:9-27:20
39-->src\main\AndroidManifest.xml:22:19-55
40            <intent-filter>
40-->src\main\AndroidManifest.xml:23:13-26:29
41                <action android:name="com.example.aot.Meeting_notification" />
41-->src\main\AndroidManifest.xml:24:17-79
41-->src\main\AndroidManifest.xml:24:25-76
42
43                <category android:name="android.intent.category.DEFAULT" />
43-->src\main\AndroidManifest.xml:18:17-75
43-->src\main\AndroidManifest.xml:18:27-73
44            </intent-filter>
45        </activity>
46        <activity android:name="com.example.aot.added_Studentlist" />
46-->src\main\AndroidManifest.xml:28:9-55
46-->src\main\AndroidManifest.xml:28:19-52
47        <activity android:name="com.example.aot.addStudentName" />
47-->src\main\AndroidManifest.xml:29:9-52
47-->src\main\AndroidManifest.xml:29:19-49
48        <activity android:name="com.example.aot.addStudent" />
48-->src\main\AndroidManifest.xml:30:9-48
48-->src\main\AndroidManifest.xml:30:19-45
49        <activity android:name="com.example.aot.AttendanceTable" />
49-->src\main\AndroidManifest.xml:31:9-53
49-->src\main\AndroidManifest.xml:31:19-50
50        <activity android:name="com.example.aot.aotportal" />
50-->src\main\AndroidManifest.xml:32:9-47
50-->src\main\AndroidManifest.xml:32:19-44
51        <activity android:name="com.example.aot.StudentAttendanceActivity" />
51-->src\main\AndroidManifest.xml:33:9-63
51-->src\main\AndroidManifest.xml:33:19-60
52        <activity android:name="com.example.aot.AttendanceSubjectActivity" />
52-->src\main\AndroidManifest.xml:34:9-63
52-->src\main\AndroidManifest.xml:34:19-60
53        <activity android:name="com.example.aot.AttendanceActivity" />
53-->src\main\AndroidManifest.xml:35:9-56
53-->src\main\AndroidManifest.xml:35:19-53
54        <activity android:name="com.example.aot.Notification" />
54-->src\main\AndroidManifest.xml:36:9-50
54-->src\main\AndroidManifest.xml:36:19-47
55        <activity android:name="com.example.aot.WebPageActivity" />
55-->src\main\AndroidManifest.xml:37:9-53
55-->src\main\AndroidManifest.xml:37:19-50
56        <activity android:name="com.example.aot.AdminHomeActivity" />
56-->src\main\AndroidManifest.xml:38:9-55
56-->src\main\AndroidManifest.xml:38:19-52
57        <activity android:name="com.example.aot.StudentHomeActivity" />
57-->src\main\AndroidManifest.xml:39:9-57
57-->src\main\AndroidManifest.xml:39:19-54
58        <activity android:name="com.example.aot.TeacherHomeActivity" />
58-->src\main\AndroidManifest.xml:40:9-57
58-->src\main\AndroidManifest.xml:40:19-54
59        <activity android:name="com.example.aot.ForgotPasswordActivity" />
59-->src\main\AndroidManifest.xml:41:9-60
59-->src\main\AndroidManifest.xml:41:19-57
60        <activity android:name="com.example.aot.RegActivity" />
60-->src\main\AndroidManifest.xml:42:9-49
60-->src\main\AndroidManifest.xml:42:19-46
61        <activity android:name="com.example.aot.HomeActivity" />
61-->src\main\AndroidManifest.xml:43:9-50
61-->src\main\AndroidManifest.xml:43:19-47
62        <activity android:name="com.example.aot.MainActivity" />
62-->src\main\AndroidManifest.xml:44:9-50
62-->src\main\AndroidManifest.xml:44:19-47
63        <activity android:name="com.example.aot.SplashScreenActivity" >
63-->src\main\AndroidManifest.xml:45:9-51:20
63-->src\main\AndroidManifest.xml:45:19-55
64            <intent-filter>
64-->src\main\AndroidManifest.xml:46:13-50:29
65                <action android:name="android.intent.action.MAIN" />
65-->src\main\AndroidManifest.xml:47:17-69
65-->src\main\AndroidManifest.xml:47:25-66
66
67                <category android:name="android.intent.category.LAUNCHER" />
67-->src\main\AndroidManifest.xml:49:17-77
67-->src\main\AndroidManifest.xml:49:27-74
68            </intent-filter>
69        </activity>
70
71        <service
71-->src\main\AndroidManifest.xml:53:9-59:19
72            android:name="com.example.aot.MyFirebaseMessagingService"
72-->src\main\AndroidManifest.xml:54:13-55
73            android:exported="false" >
73-->src\main\AndroidManifest.xml:55:13-37
74            <intent-filter>
74-->src\main\AndroidManifest.xml:56:13-58:29
75                <action android:name="com.google.firebase.MESSAGING_EVENT" />
75-->src\main\AndroidManifest.xml:57:17-78
75-->src\main\AndroidManifest.xml:57:25-75
76            </intent-filter>
77        </service>
78        <service android:name="com.example.aot.MyFirebaseInstanceIdService" >
78-->src\main\AndroidManifest.xml:60:9-64:19
78-->src\main\AndroidManifest.xml:60:18-61
79            <intent-filter>
79-->src\main\AndroidManifest.xml:61:13-63:29
80                <action android:name="com.google.firebase.INSTANCE_ID_EVENT" />
80-->src\main\AndroidManifest.xml:62:17-80
80-->src\main\AndroidManifest.xml:62:25-77
81            </intent-filter>
82        </service>
83
84        <meta-data
84-->src\main\AndroidManifest.xml:66:9-68:53
85            android:name="com.google.firebase.messaging.default_notification_color"
85-->src\main\AndroidManifest.xml:67:13-84
86            android:resource="@color/colorAccent" />
86-->src\main\AndroidManifest.xml:68:13-50
87        <meta-data
87-->src\main\AndroidManifest.xml:69:9-71:71
88            android:name="com.google.firebase.messaging.default_notification_channel_id"
88-->src\main\AndroidManifest.xml:70:13-89
89            android:value="@string/default_notification_channel_id" />
89-->src\main\AndroidManifest.xml:71:13-68
90
91        <activity
91-->[com.google.firebase:firebase-auth:19.1.0] AndroidManifest.xml:24:9-31:50
92            android:name="com.google.firebase.auth.internal.FederatedSignInActivity"
92-->[com.google.firebase:firebase-auth:19.1.0] AndroidManifest.xml:25:13-85
93            android:excludeFromRecents="true"
93-->[com.google.firebase:firebase-auth:19.1.0] AndroidManifest.xml:26:13-46
94            android:exported="true"
94-->[com.google.firebase:firebase-auth:19.1.0] AndroidManifest.xml:27:13-36
95            android:launchMode="singleTask"
95-->[com.google.firebase:firebase-auth:19.1.0] AndroidManifest.xml:28:13-44
96            android:permission="com.google.firebase.auth.api.gms.permission.LAUNCH_FEDERATED_SIGN_IN"
96-->[com.google.firebase:firebase-auth:19.1.0] AndroidManifest.xml:29:13-102
97            android:theme="@android:style/Theme.Translucent.NoTitleBar" />
97-->[com.google.firebase:firebase-auth:19.1.0] AndroidManifest.xml:30:13-72
98
99        <service
99-->[com.google.firebase:firebase-auth:19.1.0] AndroidManifest.xml:33:9-39:19
100            android:name="com.google.firebase.components.ComponentDiscoveryService"
100-->[com.google.firebase:firebase-auth:19.1.0] AndroidManifest.xml:34:13-84
101            android:directBootAware="true"
101-->[com.google.firebase:firebase-common:19.3.0] AndroidManifest.xml:34:13-43
102            android:exported="false" >
102-->[com.google.firebase:firebase-auth:19.1.0] AndroidManifest.xml:35:13-37
103            <meta-data
103-->[com.google.firebase:firebase-auth:19.1.0] AndroidManifest.xml:36:13-38:85
104                android:name="com.google.firebase.components:com.google.firebase.auth.FirebaseAuthRegistrar"
104-->[com.google.firebase:firebase-auth:19.1.0] AndroidManifest.xml:37:17-109
105                android:value="com.google.firebase.components.ComponentRegistrar" />
105-->[com.google.firebase:firebase-auth:19.1.0] AndroidManifest.xml:38:17-82
106            <meta-data
106-->[com.google.firebase:firebase-database:19.2.0] AndroidManifest.xml:32:13-34:85
107                android:name="com.google.firebase.components:com.google.firebase.database.DatabaseRegistrar"
107-->[com.google.firebase:firebase-database:19.2.0] AndroidManifest.xml:33:17-109
108                android:value="com.google.firebase.components.ComponentRegistrar" />
108-->[com.google.firebase:firebase-database:19.2.0] AndroidManifest.xml:34:17-82
109            <meta-data
109-->[com.google.firebase:firebase-messaging:20.1.0] AndroidManifest.xml:38:13-40:85
110                android:name="com.google.firebase.components:com.google.firebase.messaging.FirebaseMessagingRegistrar"
110-->[com.google.firebase:firebase-messaging:20.1.0] AndroidManifest.xml:39:17-119
111                android:value="com.google.firebase.components.ComponentRegistrar" />
111-->[com.google.firebase:firebase-messaging:20.1.0] AndroidManifest.xml:40:17-82
112            <meta-data
112-->[com.google.firebase:firebase-iid:20.0.2] AndroidManifest.xml:32:13-34:85
113                android:name="com.google.firebase.components:com.google.firebase.iid.Registrar"
113-->[com.google.firebase:firebase-iid:20.0.2] AndroidManifest.xml:33:17-96
114                android:value="com.google.firebase.components.ComponentRegistrar" />
114-->[com.google.firebase:firebase-iid:20.0.2] AndroidManifest.xml:34:17-82
115            <meta-data
115-->[com.google.firebase:firebase-datatransport:17.0.3] AndroidManifest.xml:28:13-30:85
116                android:name="com.google.firebase.components:com.google.firebase.datatransport.TransportRegistrar"
116-->[com.google.firebase:firebase-datatransport:17.0.3] AndroidManifest.xml:29:17-115
117                android:value="com.google.firebase.components.ComponentRegistrar" />
117-->[com.google.firebase:firebase-datatransport:17.0.3] AndroidManifest.xml:30:17-82
118        </service>
119        <!--
120             FirebaseMessagingService performs security checks at runtime,
121             but set to not exported to explicitly avoid allowing another app to call it.
122        -->
123        <service
123-->[com.google.firebase:firebase-messaging:20.1.0] AndroidManifest.xml:28:9-34:19
124            android:name="com.google.firebase.messaging.FirebaseMessagingService"
124-->[com.google.firebase:firebase-messaging:20.1.0] AndroidManifest.xml:29:13-82
125            android:exported="false" >
125-->[com.google.firebase:firebase-messaging:20.1.0] AndroidManifest.xml:30:13-37
126            <intent-filter android:priority="-500" >
126-->src\main\AndroidManifest.xml:56:13-58:29
127                <action android:name="com.google.firebase.MESSAGING_EVENT" />
127-->src\main\AndroidManifest.xml:57:17-78
127-->src\main\AndroidManifest.xml:57:25-75
128            </intent-filter>
129        </service>
130
131        <receiver
131-->[com.google.firebase:firebase-iid:20.0.2] AndroidManifest.xml:37:9-44:20
132            android:name="com.google.firebase.iid.FirebaseInstanceIdReceiver"
132-->[com.google.firebase:firebase-iid:20.0.2] AndroidManifest.xml:38:13-78
133            android:exported="true"
133-->[com.google.firebase:firebase-iid:20.0.2] AndroidManifest.xml:39:13-36
134            android:permission="com.google.android.c2dm.permission.SEND" >
134-->[com.google.firebase:firebase-iid:20.0.2] AndroidManifest.xml:40:13-73
135            <intent-filter>
135-->[com.google.firebase:firebase-iid:20.0.2] AndroidManifest.xml:41:13-43:29
136                <action android:name="com.google.android.c2dm.intent.RECEIVE" />
136-->[com.google.firebase:firebase-iid:20.0.2] AndroidManifest.xml:42:17-81
136-->[com.google.firebase:firebase-iid:20.0.2] AndroidManifest.xml:42:25-78
137            </intent-filter>
138        </receiver>
139
140        <activity
140-->[com.google.android.gms:play-services-base:17.1.0] AndroidManifest.xml:23:9-26:75
141            android:name="com.google.android.gms.common.api.GoogleApiActivity"
141-->[com.google.android.gms:play-services-base:17.1.0] AndroidManifest.xml:24:13-79
142            android:exported="false"
142-->[com.google.android.gms:play-services-base:17.1.0] AndroidManifest.xml:25:13-37
143            android:theme="@android:style/Theme.Translucent.NoTitleBar" />
143-->[com.google.android.gms:play-services-base:17.1.0] AndroidManifest.xml:26:13-72
144
145        <provider
145-->[com.google.firebase:firebase-common:19.3.0] AndroidManifest.xml:26:9-30:39
146            android:name="com.google.firebase.provider.FirebaseInitProvider"
146-->[com.google.firebase:firebase-common:19.3.0] AndroidManifest.xml:27:13-77
147            android:authorities="com.example.aot.firebaseinitprovider"
147-->[com.google.firebase:firebase-common:19.3.0] AndroidManifest.xml:28:13-72
148            android:exported="false"
148-->[com.google.firebase:firebase-common:19.3.0] AndroidManifest.xml:29:13-37
149            android:initOrder="100" />
149-->[com.google.firebase:firebase-common:19.3.0] AndroidManifest.xml:30:13-36
150
151        <meta-data
151-->[com.google.android.gms:play-services-basement:17.0.0] AndroidManifest.xml:23:9-25:69
152            android:name="com.google.android.gms.version"
152-->[com.google.android.gms:play-services-basement:17.0.0] AndroidManifest.xml:24:13-58
153            android:value="@integer/google_play_services_version" />
153-->[com.google.android.gms:play-services-basement:17.0.0] AndroidManifest.xml:25:13-66
154
155        <service
155-->[com.google.android.datatransport:transport-backend-cct:2.2.0] AndroidManifest.xml:29:9-35:19
156            android:name="com.google.android.datatransport.runtime.backends.TransportBackendDiscovery"
156-->[com.google.android.datatransport:transport-backend-cct:2.2.0] AndroidManifest.xml:30:13-103
157            android:exported="false" >
157-->[com.google.android.datatransport:transport-backend-cct:2.2.0] AndroidManifest.xml:31:13-37
158            <meta-data
158-->[com.google.android.datatransport:transport-backend-cct:2.2.0] AndroidManifest.xml:32:13-34:39
159                android:name="backend:com.google.android.datatransport.cct.CctBackendFactory"
159-->[com.google.android.datatransport:transport-backend-cct:2.2.0] AndroidManifest.xml:33:17-94
160                android:value="cct" />
160-->[com.google.android.datatransport:transport-backend-cct:2.2.0] AndroidManifest.xml:34:17-36
161        </service>
162        <service
162-->[com.google.android.datatransport:transport-runtime:2.2.0] AndroidManifest.xml:26:9-30:19
163            android:name="com.google.android.datatransport.runtime.scheduling.jobscheduling.JobInfoSchedulerService"
163-->[com.google.android.datatransport:transport-runtime:2.2.0] AndroidManifest.xml:27:13-117
164            android:exported="false"
164-->[com.google.android.datatransport:transport-runtime:2.2.0] AndroidManifest.xml:28:13-37
165            android:permission="android.permission.BIND_JOB_SERVICE" >
165-->[com.google.android.datatransport:transport-runtime:2.2.0] AndroidManifest.xml:29:13-69
166        </service>
167
168        <receiver
168-->[com.google.android.datatransport:transport-runtime:2.2.0] AndroidManifest.xml:32:9-34:40
169            android:name="com.google.android.datatransport.runtime.scheduling.jobscheduling.AlarmManagerSchedulerBroadcastReceiver"
169-->[com.google.android.datatransport:transport-runtime:2.2.0] AndroidManifest.xml:33:13-132
170            android:exported="false" />
170-->[com.google.android.datatransport:transport-runtime:2.2.0] AndroidManifest.xml:34:13-37
171    </application>
172
173</manifest>